<?xml version="1.0" encoding="UTF-8"?>
<testsuite xmlns:xsi="http://www.w3.org/2001/XMLSchema-instance" xsi:noNamespaceSchemaLocation="https://maven.apache.org/surefire/maven-surefire-plugin/xsd/surefire-test-report-3.0.xsd" version="3.0" name="com.julioverne.cicd.CiCdApplicationTests" time="1.714" tests="1" errors="0" skipped="0" failures="0">
  <properties>
[...]
</properties>
  <testcase name="contextLoads" classname="com.julioverne.cicd.CiCdApplicationTests" time="0.538">
    <system-out><![CDATA[11:55:29.234 [main] INFO org.springframework.test.context.support.AnnotationConfigContextLoaderUtils -- Could not detect default configuration classes for test class [com.julioverne.cicd.CiCdApplicationTests]: CiCdApplicationTests does not declare any static, non-private, non-final, nested classes annotated with @Configuration.
11:55:29.309 [main] INFO org.springframework.boot.test.context.SpringBootTestContextBootstrapper -- Found @SpringBootConfiguration com.julioverne.cicd.CiCdApplication for test class com.julioverne.cicd.CiCdApplicationTests

  .   ____          _            __ _ _
 /\\ / ___'_ __ _ _(_)_ __  __ _ \ \ \ \
( ( )\___ | '_ | '_| | '_ \/ _` | \ \ \ \
 \\/  ___)| |_)| | | | | || (_| |  ) ) ) )
  '  |____| .__|_| |_|_| |_\__, | / / / /
 =========|_|==============|___/=/_/_/_/
 :: Spring Boot ::       (v3.2.0-SNAPSHOT)

2024-02-16T11:55:29.620-03:00  INFO 64570 --- [           main] c.julioverne.cicd.CiCdApplicationTests   : Starting CiCdApplicationTests using Java 20.0.1 with PID 64570 (started by julioverne in /Users/julioverne/Documents/GitHub/docker-cmd-webhooks)
2024-02-16T11:55:29.621-03:00  INFO 64570 --- [           main] c.julioverne.cicd.CiCdApplicationTests   : No active profile set, falling back to 1 default profile: "default"
2024-02-16T11:55:30.261-03:00  INFO 64570 --- [           main] c.julioverne.cicd.CiCdApplicationTests   : Started CiCdApplicationTests in 0.838 seconds (process running for 1.51)
]]></system-out>
  </testcase>
</testsuite>